#
# There is insufficient memory for the Java Runtime Environment to continue.
# Native memory allocation (malloc) failed to allocate 1640336 bytes. Error detail: Chunk::new
# Possible reasons:
#   The system is out of physical RAM or swap space
#   This process is running with CompressedOops enabled, and the Java Heap may be blocking the growth of the native heap
# Possible solutions:
#   Reduce memory load on the system
#   Increase physical memory or swap space
#   Check if swap backing store is full
#   Decrease Java heap size (-Xmx/-Xms)
#   Decrease number of Java threads
#   Decrease Java thread stack sizes (-Xss)
#   Set larger code cache with -XX:ReservedCodeCacheSize=
#   JVM is running with Unscaled Compressed Oops mode in which the Java heap is
#     placed in the first 4GB address space. The Java Heap base address is the
#     maximum limit for the native heap growth. Please use -XX:HeapBaseMinAddress
#     to set the Java Heap base and to place the Java Heap above 4GB virtual address.
# This output file may be truncated or incomplete.
#
#  Out of Memory Error (arena.cpp:168), pid=4780, tid=16812
#
# JRE version: OpenJDK Runtime Environment Temurin-21.0.9+10 (21.0.9+10) (build 21.0.9+10-LTS)
# Java VM: OpenJDK 64-Bit Server VM Temurin-21.0.9+10 (21.0.9+10-LTS, mixed mode, sharing, tiered, compressed oops, compressed class ptrs, parallel gc, windows-amd64)
# No core dump will be written. Minidumps are not enabled by default on client versions of Windows
#

---------------  S U M M A R Y ------------

Command Line: --add-modules=ALL-SYSTEM --add-opens=java.base/java.util=ALL-UNNAMED --add-opens=java.base/java.lang=ALL-UNNAMED --add-opens=java.base/sun.nio.fs=ALL-UNNAMED -Declipse.application=org.eclipse.jdt.ls.core.id1 -Dosgi.bundles.defaultStartLevel=4 -Declipse.product=org.eclipse.jdt.ls.core.product -Djava.import.generatesMetadataFilesAtProjectRoot=false -DDetectVMInstallationsJob.disabled=true -Dfile.encoding=utf8 -XX:+UseParallelGC -XX:GCTimeRatio=4 -XX:AdaptiveSizePolicyWeight=90 -Dsun.zip.disableMemoryMapping=true -Xmx2G -Xms100m -Xlog:disable -javaagent:c:\Users\Chirag760008\.vscode\extensions\redhat.java-1.50.0-win32-x64\lombok\lombok-1.18.39-4050.jar -XX:+HeapDumpOnOutOfMemoryError -XX:HeapDumpPath=c:\Users\Chirag760008\AppData\Roaming\Code\User\workspaceStorage\2afbc182b3c0678d662464267eb8ee78\redhat.java -Daether.dependencyCollector.impl=bf c:\Users\Chirag760008\.vscode\extensions\redhat.java-1.50.0-win32-x64\server\plugins\org.eclipse.equinox.launcher_1.7.100.v20251111-0406.jar -configuration c:\Users\Chirag760008\AppData\Roaming\Code\User\globalStorage\redhat.java\1.50.0\config_win -data c:\Users\Chirag760008\AppData\Roaming\Code\User\workspaceStorage\2afbc182b3c0678d662464267eb8ee78\redhat.java\jdt_ws --pipe=\\.\pipe\lsp-223effd4a78fe67a0ab14860e92f85f6-sock

Host: 11th Gen Intel(R) Core(TM) i5-1135G7 @ 2.40GHz, 8 cores, 15G,  Windows 11 , 64 bit Build 22621 (10.0.22621.5415)
Time: Sat Nov 29 09:37:46 2025 India Standard Time elapsed time: 31.739423 seconds (0d 0h 0m 31s)

---------------  T H R E A D  ---------------

Current thread (0x0000025c58e6f020):  JavaThread "C2 CompilerThread1" daemon [_thread_in_native, id=16812, stack(0x000000bd97d00000,0x000000bd97e00000) (1024K)]


Current CompileTask:
C2:31739 10321 %     4       org.lombokweb.asm.ClassReader::readCode @ 1738 (5117 bytes)

Stack: [0x000000bd97d00000,0x000000bd97e00000]
Native frames: (J=compiled Java code, j=interpreted, Vv=VM code, C=native code)
V  [jvm.dll+0x6d6e29]
V  [jvm.dll+0x8b4b76]
V  [jvm.dll+0x8b712e]
V  [jvm.dll+0x8b7813]
V  [jvm.dll+0x283d86]
V  [jvm.dll+0xc66ed]
V  [jvm.dll+0xc6c31]
V  [jvm.dll+0x3be501]
V  [jvm.dll+0x38ab92]
V  [jvm.dll+0x389fda]
V  [jvm.dll+0x24bfa0]
V  [jvm.dll+0x24b580]
V  [jvm.dll+0x1cb13e]
V  [jvm.dll+0x25b29d]
V  [jvm.dll+0x25982a]
V  [jvm.dll+0x3f7ea6]
V  [jvm.dll+0x85e9ad]
V  [jvm.dll+0x6d565d]
C  [ucrtbase.dll+0x29333]
C  [KERNEL32.DLL+0x1259d]
C  [ntdll.dll+0x5af78]


---------------  P R O C E S S  ---------------

Threads class SMR info:
_java_thread_list=0x0000025c59288bc0, length=47, elements={
0x0000025c75dc76c0, 0x0000025c7e40f2b0, 0x0000025c7e4105f0, 0x0000025c7e411df0,
0x0000025c7e4130c0, 0x0000025c7e413dd0, 0x0000025c7e415990, 0x0000025c7e416f20,
0x0000025c7e418f40, 0x0000025c7e5f8e50, 0x0000025c7e7bbbe0, 0x0000025c7eeed5f0,
0x0000025c7e686bd0, 0x0000025c7ef15ed0, 0x0000025c7f01f230, 0x0000025c7f532210,
0x0000025c7f356650, 0x0000025c7f269aa0, 0x0000025c7f476520, 0x0000025c7f78c490,
0x0000025c7f78b0e0, 0x0000025c7f7896a0, 0x0000025c7f78b770, 0x0000025c7f78a3c0,
0x0000025c7f789d30, 0x0000025c7f789010, 0x0000025c7f78aa50, 0x0000025c7f78be00,
0x0000025c5af90100, 0x0000025c5af8cc80, 0x0000025c5af90790, 0x0000025c5af92ef0,
0x0000025c5af8bf60, 0x0000025c5af8d310, 0x0000025c5af8fa70, 0x0000025c5af8ed50,
0x0000025c5af93580, 0x0000025c5af90e20, 0x0000025c5af8e030, 0x0000025c5af8d9a0,
0x0000025c5af921d0, 0x0000025c5af8e6c0, 0x0000025c5af8f3e0, 0x0000025c5af92860,
0x0000025c58e6f020, 0x0000025c5a6e0ca0, 0x0000025c7faea030
}

Java Threads: ( => current thread )
  0x0000025c75dc76c0 JavaThread "main"                              [_thread_blocked, id=32444, stack(0x000000bd95e00000,0x000000bd95f00000) (1024K)]
  0x0000025c7e40f2b0 JavaThread "Reference Handler"          daemon [_thread_blocked, id=20604, stack(0x000000bd96200000,0x000000bd96300000) (1024K)]
  0x0000025c7e4105f0 JavaThread "Finalizer"                  daemon [_thread_blocked, id=21976, stack(0x000000bd96300000,0x000000bd96400000) (1024K)]
  0x0000025c7e411df0 JavaThread "Signal Dispatcher"          daemon [_thread_blocked, id=19716, stack(0x000000bd96400000,0x000000bd96500000) (1024K)]
  0x0000025c7e4130c0 JavaThread "Attach Listener"            daemon [_thread_blocked, id=26220, stack(0x000000bd96500000,0x000000bd96600000) (1024K)]
  0x0000025c7e413dd0 JavaThread "Service Thread"             daemon [_thread_blocked, id=25448, stack(0x000000bd96600000,0x000000bd96700000) (1024K)]
  0x0000025c7e415990 JavaThread "Monitor Deflation Thread"   daemon [_thread_blocked, id=30104, stack(0x000000bd96700000,0x000000bd96800000) (1024K)]
  0x0000025c7e416f20 JavaThread "C2 CompilerThread0"         daemon [_thread_in_native, id=34412, stack(0x000000bd96800000,0x000000bd96900000) (1024K)]
  0x0000025c7e418f40 JavaThread "C1 CompilerThread0"         daemon [_thread_blocked, id=34808, stack(0x000000bd96900000,0x000000bd96a00000) (1024K)]
  0x0000025c7e5f8e50 JavaThread "Common-Cleaner"             daemon [_thread_blocked, id=23572, stack(0x000000bd96a00000,0x000000bd96b00000) (1024K)]
  0x0000025c7e7bbbe0 JavaThread "Notification Thread"        daemon [_thread_blocked, id=19768, stack(0x000000bd96b00000,0x000000bd96c00000) (1024K)]
  0x0000025c7eeed5f0 JavaThread "Active Thread: Equinox Container: c20d9c1d-856f-4f21-bcde-a2d606b103d5"        [_thread_in_native, id=2472, stack(0x000000bd97400000,0x000000bd97500000) (1024K)]
  0x0000025c7e686bd0 JavaThread "Refresh Thread: Equinox Container: c20d9c1d-856f-4f21-bcde-a2d606b103d5" daemon [_thread_blocked, id=23044, stack(0x000000bd96c00000,0x000000bd96d00000) (1024K)]
  0x0000025c7ef15ed0 JavaThread "Framework Event Dispatcher: Equinox Container: c20d9c1d-856f-4f21-bcde-a2d606b103d5" daemon [_thread_blocked, id=13460, stack(0x000000bd97500000,0x000000bd97600000) (1024K)]
  0x0000025c7f01f230 JavaThread "Start Level: Equinox Container: c20d9c1d-856f-4f21-bcde-a2d606b103d5" daemon [_thread_blocked, id=30420, stack(0x000000bd97600000,0x000000bd97700000) (1024K)]
  0x0000025c7f532210 JavaThread "Bundle File Closer"         daemon [_thread_blocked, id=21348, stack(0x000000bd97800000,0x000000bd97900000) (1024K)]
  0x0000025c7f356650 JavaThread "SCR Component Actor"        daemon [_thread_blocked, id=27636, stack(0x000000bd97700000,0x000000bd97800000) (1024K)]
  0x0000025c7f269aa0 JavaThread "Worker-JM"                         [_thread_blocked, id=19792, stack(0x000000bd97b00000,0x000000bd97c00000) (1024K)]
  0x0000025c7f476520 JavaThread "JNA Cleaner"                daemon [_thread_blocked, id=2360, stack(0x000000bd97900000,0x000000bd97a00000) (1024K)]
  0x0000025c7f78c490 JavaThread "Worker-0"                          [_thread_blocked, id=20792, stack(0x000000bd97a00000,0x000000bd97b00000) (1024K)]
  0x0000025c7f78b0e0 JavaThread "Worker-1: Initialize workspace"        [_thread_in_Java, id=24664, stack(0x000000bd97c00000,0x000000bd97d00000) (1024K)]
  0x0000025c7f7896a0 JavaThread "Java indexing"              daemon [_thread_blocked, id=4560, stack(0x000000bd97f00000,0x000000bd98000000) (1024K)]
  0x0000025c7f78b770 JavaThread "Worker-2"                          [_thread_blocked, id=3464, stack(0x000000bd98300000,0x000000bd98400000) (1024K)]
  0x0000025c7f78a3c0 JavaThread "Worker-3"                          [_thread_blocked, id=24292, stack(0x000000bd98400000,0x000000bd98500000) (1024K)]
  0x0000025c7f789d30 JavaThread "Worker-4: Initialize Workspace"        [_thread_blocked, id=30168, stack(0x000000bd98500000,0x000000bd98600000) (1024K)]
  0x0000025c7f789010 JavaThread "Thread-1"                   daemon [_thread_in_native, id=19580, stack(0x000000bd98600000,0x000000bd98700000) (1024K)]
  0x0000025c7f78aa50 JavaThread "Thread-2"                   daemon [_thread_in_native, id=31696, stack(0x000000bd98700000,0x000000bd98800000) (1024K)]
  0x0000025c7f78be00 JavaThread "Thread-3"                   daemon [_thread_in_native, id=19856, stack(0x000000bd98800000,0x000000bd98900000) (1024K)]
  0x0000025c5af90100 JavaThread "Thread-4"                   daemon [_thread_in_native, id=27916, stack(0x000000bd98900000,0x000000bd98a00000) (1024K)]
  0x0000025c5af8cc80 JavaThread "Thread-5"                   daemon [_thread_in_native, id=28700, stack(0x000000bd98a00000,0x000000bd98b00000) (1024K)]
  0x0000025c5af90790 JavaThread "Thread-6"                   daemon [_thread_in_native, id=14576, stack(0x000000bd98b00000,0x000000bd98c00000) (1024K)]
  0x0000025c5af92ef0 JavaThread "Thread-7"                   daemon [_thread_in_native, id=23412, stack(0x000000bd98c00000,0x000000bd98d00000) (1024K)]
  0x0000025c5af8bf60 JavaThread "Thread-8"                   daemon [_thread_in_native, id=8580, stack(0x000000bd98d00000,0x000000bd98e00000) (1024K)]
  0x0000025c5af8d310 JavaThread "Thread-9"                   daemon [_thread_in_native, id=34328, stack(0x000000bd98e00000,0x000000bd98f00000) (1024K)]
  0x0000025c5af8fa70 JavaThread "pool-2-thread-1"                   [_thread_blocked, id=34024, stack(0x000000bd98f00000,0x000000bd99000000) (1024K)]
  0x0000025c5af8ed50 JavaThread "WorkspaceEventsHandler"            [_thread_blocked, id=24896, stack(0x000000bd99000000,0x000000bd99100000) (1024K)]
  0x0000025c5af93580 JavaThread "pool-1-thread-1"                   [_thread_blocked, id=23340, stack(0x000000bd99100000,0x000000bd99200000) (1024K)]
  0x0000025c5af90e20 JavaThread "ForkJoinPool.commonPool-worker-1" daemon [_thread_blocked, id=30356, stack(0x000000bd99200000,0x000000bd99300000) (1024K)]
  0x0000025c5af8e030 JavaThread "ForkJoinPool.commonPool-worker-2" daemon [_thread_blocked, id=28652, stack(0x000000bd99300000,0x000000bd99400000) (1024K)]
  0x0000025c5af8d9a0 JavaThread "ForkJoinPool.commonPool-worker-3" daemon [_thread_blocked, id=32156, stack(0x000000bd99400000,0x000000bd99500000) (1024K)]
  0x0000025c5af921d0 JavaThread "ForkJoinPool.commonPool-worker-4" daemon [_thread_blocked, id=3952, stack(0x000000bd99500000,0x000000bd99600000) (1024K)]
  0x0000025c5af8e6c0 JavaThread "ForkJoinPool.commonPool-worker-5" daemon [_thread_blocked, id=22996, stack(0x000000bd99600000,0x000000bd99700000) (1024K)]
  0x0000025c5af8f3e0 JavaThread "ForkJoinPool.commonPool-worker-6" daemon [_thread_blocked, id=23376, stack(0x000000bd99700000,0x000000bd99800000) (1024K)]
  0x0000025c5af92860 JavaThread "ForkJoinPool.commonPool-worker-7" daemon [_thread_blocked, id=27504, stack(0x000000bd99800000,0x000000bd99900000) (1024K)]
=>0x0000025c58e6f020 JavaThread "C2 CompilerThread1"         daemon [_thread_in_native, id=16812, stack(0x000000bd97d00000,0x000000bd97e00000) (1024K)]
  0x0000025c5a6e0ca0 JavaThread "Cleaner-0"                  daemon [_thread_blocked, id=27720, stack(0x000000bd99a00000,0x000000bd99b00000) (1024K)]
  0x0000025c7faea030 JavaThread "C2 CompilerThread2"         daemon [_thread_in_native, id=31292, stack(0x000000bd97e00000,0x000000bd97f00000) (1024K)]
Total: 47

Other Threads:
  0x0000025c7cb7de50 VMThread "VM Thread"                           [id=1020, stack(0x000000bd96100000,0x000000bd96200000) (1024K)]
  0x0000025c79193c70 WatcherThread "VM Periodic Task Thread"        [id=11472, stack(0x000000bd96000000,0x000000bd96100000) (1024K)]
  0x0000025c79146e80 WorkerThread "GC Thread#0"                     [id=29480, stack(0x000000bd95f00000,0x000000bd96000000) (1024K)]
  0x0000025c7edf7060 WorkerThread "GC Thread#1"                     [id=33216, stack(0x000000bd96e00000,0x000000bd96f00000) (1024K)]
  0x0000025c7e9e5030 WorkerThread "GC Thread#2"                     [id=30236, stack(0x000000bd96f00000,0x000000bd97000000) (1024K)]
  0x0000025c7ed78550 WorkerThread "GC Thread#3"                     [id=7752, stack(0x000000bd97000000,0x000000bd97100000) (1024K)]
  0x0000025c7ed788f0 WorkerThread "GC Thread#4"                     [id=33008, stack(0x000000bd97100000,0x000000bd97200000) (1024K)]
  0x0000025c7f043ca0 WorkerThread "GC Thread#5"                     [id=23488, stack(0x000000bd97200000,0x000000bd97300000) (1024K)]
  0x0000025c7f044040 WorkerThread "GC Thread#6"                     [id=28880, stack(0x000000bd97300000,0x000000bd97400000) (1024K)]
  0x0000025c7ef31ea0 WorkerThread "GC Thread#7"                     [id=14304, stack(0x000000bd96d00000,0x000000bd96e00000) (1024K)]
Total: 10

Threads with active compile tasks:
C2 CompilerThread0  32679 10302 %     4       org.lombokweb.asm.SymbolTable::<init> @ 98 (554 bytes)
C2 CompilerThread1  32679 10321 %     4       org.lombokweb.asm.ClassReader::readCode @ 1738 (5117 bytes)
C2 CompilerThread2  32679 10688       4       org.eclipse.osgi.container.ModuleDatabase$Persistence::writeString (99 bytes)
Total: 3

VM state: not at safepoint (normal execution)

VM Mutex/Monitor currently owned by a thread: None

Heap address: 0x0000000080000000, size: 2048 MB, Compressed Oops mode: 32-bit

CDS archive(s) mapped at: [0x0000025c13000000-0x0000025c13ba0000-0x0000025c13ba0000), size 12189696, SharedBaseAddress: 0x0000025c13000000, ArchiveRelocationMode: 1.
Compressed class space mapped at: 0x0000025c14000000-0x0000025c54000000, reserved size: 1073741824
Narrow klass base: 0x0000025c13000000, Narrow klass shift: 0, Narrow klass range: 0x100000000

GC Precious Log:
 CardTable entry size: 512
 CPUs: 8 total, 8 available
 Memory: 16082M
 Large Page Support: Disabled
 NUMA Support: Disabled
 Compressed Oops: Enabled (32-bit)
 Alignments: Space 512K, Generation 512K, Heap 2M
 Heap Min Capacity: 100M
 Heap Initial Capacity: 100M
 Heap Max Capacity: 2G
 Pre-touch: Disabled
 Parallel Workers: 8

Heap:
 PSYoungGen      total 3072K, used 1591K [0x00000000d5580000, 0x00000000d5980000, 0x0000000100000000)
  eden space 2048K, 35% used [0x00000000d5580000,0x00000000d5635e50,0x00000000d5780000)
  from space 1024K, 84% used [0x00000000d5780000,0x00000000d5858010,0x00000000d5880000)
  to   space 1024K, 0% used [0x00000000d5880000,0x00000000d5880000,0x00000000d5980000)
 ParOldGen       total 178176K, used 178103K [0x0000000080000000, 0x000000008ae00000, 0x00000000d5580000)
  object space 178176K, 99% used [0x0000000080000000,0x000000008adede80,0x000000008ae00000)
 Metaspace       used 64956K, committed 66368K, reserved 1114112K
  class space    used 6785K, committed 7424K, reserved 1048576K

Card table byte_map: [0x0000025c78a90000,0x0000025c78ea0000] _byte_map_base: 0x0000025c78690000

Marking Bits: (ParMarkBitMap*) 0x00007ffce7482460
 Begin Bits: [0x0000025c0f000000, 0x0000025c11000000)
 End Bits:   [0x0000025c11000000, 0x0000025c13000000)

Polling page: 0x0000025c778a0000

Metaspace:

Usage:
  Non-class:     56.81 MB used.
      Class:      6.63 MB used.
       Both:     63.43 MB used.

Virtual space:
  Non-class space:       64.00 MB reserved,      57.56 MB ( 90%) committed,  1 nodes.
      Class space:        1.00 GB reserved,       7.25 MB ( <1%) committed,  1 nodes.
             Both:        1.06 GB reserved,      64.81 MB (  6%) committed. 

Chunk freelists:
   Non-Class:  5.81 MB
       Class:  8.58 MB
        Both:  14.39 MB

MaxMetaspaceSize: unlimited
CompressedClassSpaceSize: 1.00 GB
Initial GC threshold: 21.00 MB
Current GC threshold: 97.31 MB
CDS: on
 - commit_granule_bytes: 65536.
 - commit_granule_words: 8192.
 - virtual_space_node_default_size: 8388608.
 - enlarge_chunks_in_place: 1.
 - use_allocation_guard: 0.


Internal statistics:

num_allocs_failed_limit: 9.
num_arena_births: 1246.
num_arena_deaths: 14.
num_vsnodes_births: 2.
num_vsnodes_deaths: 0.
num_space_committed: 1037.
num_space_uncommitted: 0.
num_chunks_returned_to_freelist: 23.
num_chunks_taken_from_freelist: 4350.
num_chunk_merges: 15.
num_chunk_splits: 2669.
num_chunks_enlarged: 1485.
num_inconsistent_stats: 0.

CodeHeap 'non-profiled nmethods': size=120000Kb used=7739Kb max_used=7739Kb free=112260Kb
 bounds [0x0000025c07ad0000, 0x0000025c08260000, 0x0000025c0f000000]
CodeHeap 'profiled nmethods': size=120000Kb used=23542Kb max_used=23542Kb free=96457Kb
 bounds [0x0000025c00000000, 0x0000025c01700000, 0x0000025c07530000]
CodeHeap 'non-nmethods': size=5760Kb used=1451Kb max_used=1558Kb free=4308Kb
 bounds [0x0000025c07530000, 0x0000025c077a0000, 0x0000025c07ad0000]
CodeCache: size=245760Kb, used=32732Kb, max_used=32839Kb, free=213025Kb
 total_blobs=10638, nmethods=9880, adapters=662, full_count=0
Compilation: enabled, stopped_count=0, restarted_count=0

Compilation events (20 events):
Event: 31.726 Thread 0x0000025c7e418f40 nmethod 10400 0x0000025c0161e610 code [0x0000025c0161e7c0, 0x0000025c0161e938]
Event: 31.726 Thread 0x0000025c7e418f40 10401       3       java.lang.ClassValue$Entry::assertNotPromise (22 bytes)
Event: 31.726 Thread 0x0000025c7e418f40 nmethod 10401 0x0000025c0161ea10 code [0x0000025c0161eba0, 0x0000025c0161ecb8]
Event: 31.726 Thread 0x0000025c7e418f40 10402       3       com.google.common.cache.LocalCache$LocalManualCache::cleanUp (8 bytes)
Event: 31.726 Thread 0x0000025c7e418f40 nmethod 10402 0x0000025c0161ed90 code [0x0000025c0161ef40, 0x0000025c0161f080]
Event: 31.726 Thread 0x0000025c7e418f40 10404       3       org.eclipse.sisu.plexus.PlexusPropertyBinder::bindProperty (147 bytes)
Event: 31.727 Thread 0x0000025c7e418f40 nmethod 10404 0x0000025c0161f190 code [0x0000025c0161f420, 0x0000025c0161ff48]
Event: 31.727 Thread 0x0000025c7e418f40 10405   !   3       org.eclipse.sisu.bean.BeanPropertyField::set (96 bytes)
Event: 31.728 Thread 0x0000025c5b639f40 nmethod 10399 0x0000025c0823b590 code [0x0000025c0823b740, 0x0000025c0823ba00]
Event: 31.729 Thread 0x0000025c7e418f40 nmethod 10405 0x0000025c01620310 code [0x0000025c01620760, 0x0000025c01622140]
Event: 31.729 Thread 0x0000025c7e418f40 10406       1       org.apache.maven.model.Plugin::setArtifactId (6 bytes)
Event: 31.729 Thread 0x0000025c7e418f40 nmethod 10406 0x0000025c0823bc90 code [0x0000025c0823be20, 0x0000025c0823bf00]
Event: 31.729 Thread 0x0000025c7e418f40 10407       1       org.apache.maven.model.ConfigurationContainer::getConfiguration (5 bytes)
Event: 31.730 Thread 0x0000025c7e418f40 nmethod 10407 0x0000025c0823bf90 code [0x0000025c0823c120, 0x0000025c0823c1e8]
Event: 31.730 Thread 0x0000025c7e418f40 10408       1       org.apache.maven.model.ConfigurationContainer::getInherited (5 bytes)
Event: 31.730 Thread 0x0000025c7e418f40 nmethod 10408 0x0000025c0823c290 code [0x0000025c0823c420, 0x0000025c0823c4e8]
Event: 31.730 Thread 0x0000025c7e418f40 10409       3       org.codehaus.plexus.util.xml.Xpp3Dom::getAttributeNames (45 bytes)
Event: 31.730 Thread 0x0000025c7e418f40 nmethod 10409 0x0000025c01622d90 code [0x0000025c01622f80, 0x0000025c01623480]
Event: 31.731 Thread 0x0000025c7e418f40 10410       1       org.eclipse.m2e.core.internal.embedder.FilterRepositorySystemSession::getSession (5 bytes)
Event: 31.731 Thread 0x0000025c7e418f40 nmethod 10410 0x0000025c0823c590 code [0x0000025c0823c720, 0x0000025c0823c7e8]

GC Heap History (20 events):
Event: 31.200 GC heap before
{Heap before GC invocations=107 (full 3):
 PSYoungGen      total 3584K, used 3424K [0x00000000d5580000, 0x00000000d5b00000, 0x0000000100000000)
  eden space 2048K, 100% used [0x00000000d5580000,0x00000000d5780000,0x00000000d5780000)
  from space 1536K, 89% used [0x00000000d5800000,0x00000000d5958000,0x00000000d5980000)
  to   space 1536K, 0% used [0x00000000d5980000,0x00000000d5980000,0x00000000d5b00000)
 ParOldGen       total 166400K, used 166206K [0x0000000080000000, 0x000000008a280000, 0x00000000d5580000)
  object space 166400K, 99% used [0x0000000080000000,0x000000008a24fb20,0x000000008a280000)
 Metaspace       used 64112K, committed 65600K, reserved 1114112K
  class space    used 6715K, committed 7360K, reserved 1048576K
}
Event: 31.204 GC heap after
{Heap after GC invocations=107 (full 3):
 PSYoungGen      total 3584K, used 1536K [0x00000000d5580000, 0x00000000d5b80000, 0x0000000100000000)
  eden space 2048K, 0% used [0x00000000d5580000,0x00000000d5580000,0x00000000d5780000)
  from space 1536K, 100% used [0x00000000d5980000,0x00000000d5b00000,0x00000000d5b00000)
  to   space 2048K, 0% used [0x00000000d5780000,0x00000000d5780000,0x00000000d5980000)
 ParOldGen       total 167424K, used 167390K [0x0000000080000000, 0x000000008a380000, 0x00000000d5580000)
  object space 167424K, 99% used [0x0000000080000000,0x000000008a377b20,0x000000008a380000)
 Metaspace       used 64112K, committed 65600K, reserved 1114112K
  class space    used 6715K, committed 7360K, reserved 1048576K
}
Event: 31.259 GC heap before
{Heap before GC invocations=108 (full 3):
 PSYoungGen      total 3584K, used 3584K [0x00000000d5580000, 0x00000000d5b80000, 0x0000000100000000)
  eden space 2048K, 100% used [0x00000000d5580000,0x00000000d5780000,0x00000000d5780000)
  from space 1536K, 100% used [0x00000000d5980000,0x00000000d5b00000,0x00000000d5b00000)
  to   space 2048K, 0% used [0x00000000d5780000,0x00000000d5780000,0x00000000d5980000)
 ParOldGen       total 167424K, used 167390K [0x0000000080000000, 0x000000008a380000, 0x00000000d5580000)
  object space 167424K, 99% used [0x0000000080000000,0x000000008a377b20,0x000000008a380000)
 Metaspace       used 64291K, committed 65728K, reserved 1114112K
  class space    used 6738K, committed 7360K, reserved 1048576K
}
Event: 31.262 GC heap after
{Heap after GC invocations=108 (full 3):
 PSYoungGen      total 3072K, used 736K [0x00000000d5580000, 0x00000000d5a80000, 0x0000000100000000)
  eden space 2048K, 0% used [0x00000000d5580000,0x00000000d5580000,0x00000000d5780000)
  from space 1024K, 71% used [0x00000000d5780000,0x00000000d5838000,0x00000000d5880000)
  to   space 1536K, 0% used [0x00000000d5900000,0x00000000d5900000,0x00000000d5a80000)
 ParOldGen       total 168960K, used 168870K [0x0000000080000000, 0x000000008a500000, 0x00000000d5580000)
  object space 168960K, 99% used [0x0000000080000000,0x000000008a4e9b20,0x000000008a500000)
 Metaspace       used 64291K, committed 65728K, reserved 1114112K
  class space    used 6738K, committed 7360K, reserved 1048576K
}
Event: 31.293 GC heap before
{Heap before GC invocations=109 (full 3):
 PSYoungGen      total 3072K, used 2784K [0x00000000d5580000, 0x00000000d5a80000, 0x0000000100000000)
  eden space 2048K, 100% used [0x00000000d5580000,0x00000000d5780000,0x00000000d5780000)
  from space 1024K, 71% used [0x00000000d5780000,0x00000000d5838000,0x00000000d5880000)
  to   space 1536K, 0% used [0x00000000d5900000,0x00000000d5900000,0x00000000d5a80000)
 ParOldGen       total 168960K, used 168870K [0x0000000080000000, 0x000000008a500000, 0x00000000d5580000)
  object space 168960K, 99% used [0x0000000080000000,0x000000008a4e9b20,0x000000008a500000)
 Metaspace       used 64343K, committed 65792K, reserved 1114112K
  class space    used 6745K, committed 7360K, reserved 1048576K
}
Event: 31.296 GC heap after
{Heap after GC invocations=109 (full 3):
 PSYoungGen      total 3584K, used 992K [0x00000000d5580000, 0x00000000d5a80000, 0x0000000100000000)
  eden space 2048K, 0% used [0x00000000d5580000,0x00000000d5580000,0x00000000d5780000)
  from space 1536K, 64% used [0x00000000d5900000,0x00000000d59f8000,0x00000000d5a80000)
  to   space 1536K, 0% used [0x00000000d5780000,0x00000000d5780000,0x00000000d5900000)
 ParOldGen       total 169472K, used 169462K [0x0000000080000000, 0x000000008a580000, 0x00000000d5580000)
  object space 169472K, 99% used [0x0000000080000000,0x000000008a57db20,0x000000008a580000)
 Metaspace       used 64343K, committed 65792K, reserved 1114112K
  class space    used 6745K, committed 7360K, reserved 1048576K
}
Event: 31.315 GC heap before
{Heap before GC invocations=110 (full 3):
 PSYoungGen      total 3584K, used 3040K [0x00000000d5580000, 0x00000000d5a80000, 0x0000000100000000)
  eden space 2048K, 100% used [0x00000000d5580000,0x00000000d5780000,0x00000000d5780000)
  from space 1536K, 64% used [0x00000000d5900000,0x00000000d59f8000,0x00000000d5a80000)
  to   space 1536K, 0% used [0x00000000d5780000,0x00000000d5780000,0x00000000d5900000)
 ParOldGen       total 169472K, used 169462K [0x0000000080000000, 0x000000008a580000, 0x00000000d5580000)
  object space 169472K, 99% used [0x0000000080000000,0x000000008a57db20,0x000000008a580000)
 Metaspace       used 64371K, committed 65792K, reserved 1114112K
  class space    used 6748K, committed 7360K, reserved 1048576K
}
Event: 31.318 GC heap after
{Heap after GC invocations=110 (full 3):
 PSYoungGen      total 3584K, used 1257K [0x00000000d5580000, 0x00000000d5a80000, 0x0000000100000000)
  eden space 2048K, 0% used [0x00000000d5580000,0x00000000d5580000,0x00000000d5780000)
  from space 1536K, 81% used [0x00000000d5780000,0x00000000d58ba480,0x00000000d5900000)
  to   space 1536K, 0% used [0x00000000d5900000,0x00000000d5900000,0x00000000d5a80000)
 ParOldGen       total 170496K, used 170315K [0x0000000080000000, 0x000000008a680000, 0x00000000d5580000)
  object space 170496K, 99% used [0x0000000080000000,0x000000008a652e78,0x000000008a680000)
 Metaspace       used 64371K, committed 65792K, reserved 1114112K
  class space    used 6748K, committed 7360K, reserved 1048576K
}
Event: 31.327 GC heap before
{Heap before GC invocations=111 (full 3):
 PSYoungGen      total 3584K, used 3305K [0x00000000d5580000, 0x00000000d5a80000, 0x0000000100000000)
  eden space 2048K, 100% used [0x00000000d5580000,0x00000000d5780000,0x00000000d5780000)
  from space 1536K, 81% used [0x00000000d5780000,0x00000000d58ba480,0x00000000d5900000)
  to   space 1536K, 0% used [0x00000000d5900000,0x00000000d5900000,0x00000000d5a80000)
 ParOldGen       total 170496K, used 170315K [0x0000000080000000, 0x000000008a680000, 0x00000000d5580000)
  object space 170496K, 99% used [0x0000000080000000,0x000000008a652e78,0x000000008a680000)
 Metaspace       used 64372K, committed 65792K, reserved 1114112K
  class space    used 6748K, committed 7360K, reserved 1048576K
}
Event: 31.335 GC heap after
{Heap after GC invocations=111 (full 3):
 PSYoungGen      total 3584K, used 1280K [0x00000000d5580000, 0x00000000d5a80000, 0x0000000100000000)
  eden space 2048K, 0% used [0x00000000d5580000,0x00000000d5580000,0x00000000d5780000)
  from space 1536K, 83% used [0x00000000d5900000,0x00000000d5a40000,0x00000000d5a80000)
  to   space 1536K, 0% used [0x00000000d5780000,0x00000000d5780000,0x00000000d5900000)
 ParOldGen       total 171520K, used 171470K [0x0000000080000000, 0x000000008a780000, 0x00000000d5580000)
  object space 171520K, 99% used [0x0000000080000000,0x000000008a773b00,0x000000008a780000)
 Metaspace       used 64372K, committed 65792K, reserved 1114112K
  class space    used 6748K, committed 7360K, reserved 1048576K
}
Event: 31.365 GC heap before
{Heap before GC invocations=112 (full 3):
 PSYoungGen      total 3584K, used 3305K [0x00000000d5580000, 0x00000000d5a80000, 0x0000000100000000)
  eden space 2048K, 98% used [0x00000000d5580000,0x00000000d577a798,0x00000000d5780000)
  from space 1536K, 83% used [0x00000000d5900000,0x00000000d5a40000,0x00000000d5a80000)
  to   space 1536K, 0% used [0x00000000d5780000,0x00000000d5780000,0x00000000d5900000)
 ParOldGen       total 171520K, used 171470K [0x0000000080000000, 0x000000008a780000, 0x00000000d5580000)
  object space 171520K, 99% used [0x0000000080000000,0x000000008a773b00,0x000000008a780000)
 Metaspace       used 64385K, committed 65792K, reserved 1114112K
  class space    used 6748K, committed 7360K, reserved 1048576K
}
Event: 31.368 GC heap after
{Heap after GC invocations=112 (full 3):
 PSYoungGen      total 3584K, used 878K [0x00000000d5580000, 0x00000000d5a80000, 0x0000000100000000)
  eden space 2048K, 0% used [0x00000000d5580000,0x00000000d5580000,0x00000000d5780000)
  from space 1536K, 57% used [0x00000000d5780000,0x00000000d585bbe0,0x00000000d5900000)
  to   space 1536K, 0% used [0x00000000d5900000,0x00000000d5900000,0x00000000d5a80000)
 ParOldGen       total 173056K, used 172606K [0x0000000080000000, 0x000000008a900000, 0x00000000d5580000)
  object space 173056K, 99% used [0x0000000080000000,0x000000008a88fb00,0x000000008a900000)
 Metaspace       used 64385K, committed 65792K, reserved 1114112K
  class space    used 6748K, committed 7360K, reserved 1048576K
}
Event: 31.394 GC heap before
{Heap before GC invocations=113 (full 3):
 PSYoungGen      total 3584K, used 2925K [0x00000000d5580000, 0x00000000d5a80000, 0x0000000100000000)
  eden space 2048K, 99% used [0x00000000d5580000,0x00000000d577fac8,0x00000000d5780000)
  from space 1536K, 57% used [0x00000000d5780000,0x00000000d585bbe0,0x00000000d5900000)
  to   space 1536K, 0% used [0x00000000d5900000,0x00000000d5900000,0x00000000d5a80000)
 ParOldGen       total 173056K, used 172606K [0x0000000080000000, 0x000000008a900000, 0x00000000d5580000)
  object space 173056K, 99% used [0x0000000080000000,0x000000008a88fb00,0x000000008a900000)
 Metaspace       used 64512K, committed 65920K, reserved 1114112K
  class space    used 6751K, committed 7360K, reserved 1048576K
}
Event: 31.395 GC heap after
{Heap after GC invocations=113 (full 3):
 PSYoungGen      total 2560K, used 160K [0x00000000d5580000, 0x00000000d5980000, 0x0000000100000000)
  eden space 2048K, 0% used [0x00000000d5580000,0x00000000d5580000,0x00000000d5780000)
  from space 512K, 31% used [0x00000000d5900000,0x00000000d5928000,0x00000000d5980000)
  to   space 512K, 0% used [0x00000000d5880000,0x00000000d5880000,0x00000000d5900000)
 ParOldGen       total 173056K, used 172862K [0x0000000080000000, 0x000000008a900000, 0x00000000d5580000)
  object space 173056K, 99% used [0x0000000080000000,0x000000008a8cfa48,0x000000008a900000)
 Metaspace       used 64512K, committed 65920K, reserved 1114112K
  class space    used 6751K, committed 7360K, reserved 1048576K
}
Event: 31.491 GC heap before
{Heap before GC invocations=114 (full 3):
 PSYoungGen      total 2560K, used 2208K [0x00000000d5580000, 0x00000000d5980000, 0x0000000100000000)
  eden space 2048K, 100% used [0x00000000d5580000,0x00000000d5780000,0x00000000d5780000)
  from space 512K, 31% used [0x00000000d5900000,0x00000000d5928000,0x00000000d5980000)
  to   space 512K, 0% used [0x00000000d5880000,0x00000000d5880000,0x00000000d5900000)
 ParOldGen       total 173056K, used 172862K [0x0000000080000000, 0x000000008a900000, 0x00000000d5580000)
  object space 173056K, 99% used [0x0000000080000000,0x000000008a8cfa48,0x000000008a900000)
 Metaspace       used 64577K, committed 65984K, reserved 1114112K
  class space    used 6757K, committed 7360K, reserved 1048576K
}
Event: 31.494 GC heap after
{Heap after GC invocations=114 (full 3):
 PSYoungGen      total 2560K, used 512K [0x00000000d5580000, 0x00000000d5a80000, 0x0000000100000000)
  eden space 2048K, 0% used [0x00000000d5580000,0x00000000d5580000,0x00000000d5780000)
  from space 512K, 100% used [0x00000000d5880000,0x00000000d5900000,0x00000000d5900000)
  to   space 1536K, 0% used [0x00000000d5900000,0x00000000d5900000,0x00000000d5a80000)
 ParOldGen       total 173568K, used 173270K [0x0000000080000000, 0x000000008a980000, 0x00000000d5580000)
  object space 173568K, 99% used [0x0000000080000000,0x000000008a935a48,0x000000008a980000)
 Metaspace       used 64577K, committed 65984K, reserved 1114112K
  class space    used 6757K, committed 7360K, reserved 1048576K
}
Event: 31.511 GC heap before
{Heap before GC invocations=115 (full 3):
 PSYoungGen      total 2560K, used 2559K [0x00000000d5580000, 0x00000000d5a80000, 0x0000000100000000)
  eden space 2048K, 99% used [0x00000000d5580000,0x00000000d577fff8,0x00000000d5780000)
  from space 512K, 100% used [0x00000000d5880000,0x00000000d5900000,0x00000000d5900000)
  to   space 1536K, 0% used [0x00000000d5900000,0x00000000d5900000,0x00000000d5a80000)
 ParOldGen       total 173568K, used 173270K [0x0000000080000000, 0x000000008a980000, 0x00000000d5580000)
  object space 173568K, 99% used [0x0000000080000000,0x000000008a935a48,0x000000008a980000)
 Metaspace       used 64585K, committed 65984K, reserved 1114112K
  class space    used 6757K, committed 7360K, reserved 1048576K
}
Event: 31.515 GC heap after
{Heap after GC invocations=115 (full 3):
 PSYoungGen      total 3584K, used 1277K [0x00000000d5580000, 0x00000000d5a80000, 0x0000000100000000)
  eden space 2048K, 0% used [0x00000000d5580000,0x00000000d5580000,0x00000000d5780000)
  from space 1536K, 83% used [0x00000000d5900000,0x00000000d5a3f6f8,0x00000000d5a80000)
  to   space 1536K, 0% used [0x00000000d5780000,0x00000000d5780000,0x00000000d5900000)
 ParOldGen       total 174080K, used 173741K [0x0000000080000000, 0x000000008aa00000, 0x00000000d5580000)
  object space 174080K, 99% used [0x0000000080000000,0x000000008a9ab748,0x000000008aa00000)
 Metaspace       used 64585K, committed 65984K, reserved 1114112K
  class space    used 6757K, committed 7360K, reserved 1048576K
}
Event: 31.584 GC heap before
{Heap before GC invocations=116 (full 3):
 PSYoungGen      total 3584K, used 3325K [0x00000000d5580000, 0x00000000d5a80000, 0x0000000100000000)
  eden space 2048K, 100% used [0x00000000d5580000,0x00000000d5780000,0x00000000d5780000)
  from space 1536K, 83% used [0x00000000d5900000,0x00000000d5a3f6f8,0x00000000d5a80000)
  to   space 1536K, 0% used [0x00000000d5780000,0x00000000d5780000,0x00000000d5900000)
 ParOldGen       total 174080K, used 173741K [0x0000000080000000, 0x000000008aa00000, 0x00000000d5580000)
  object space 174080K, 99% used [0x0000000080000000,0x000000008a9ab748,0x000000008aa00000)
 Metaspace       used 64612K, committed 66048K, reserved 1114112K
  class space    used 6761K, committed 7360K, reserved 1048576K
}
Event: 31.592 GC heap after
{Heap after GC invocations=116 (full 3):
 PSYoungGen      total 3584K, used 1426K [0x00000000d5580000, 0x00000000d5a80000, 0x0000000100000000)
  eden space 2048K, 0% used [0x00000000d5580000,0x00000000d5580000,0x00000000d5780000)
  from space 1536K, 92% used [0x00000000d5780000,0x00000000d58e4938,0x00000000d5900000)
  to   space 1536K, 0% used [0x00000000d5900000,0x00000000d5900000,0x00000000d5a80000)
 ParOldGen       total 175104K, used 174811K [0x0000000080000000, 0x000000008ab00000, 0x00000000d5580000)
  object space 175104K, 99% used [0x0000000080000000,0x000000008aab6e40,0x000000008ab00000)
 Metaspace       used 64612K, committed 66048K, reserved 1114112K
  class space    used 6761K, committed 7360K, reserved 1048576K
}

Dll operation events (10 events):
Event: 0.115 Loaded shared library c:\Users\Chirag760008\.vscode\extensions\redhat.java-1.50.0-win32-x64\jre\21.0.9-win32-x86_64\bin\java.dll
Event: 0.443 Loaded shared library c:\Users\Chirag760008\.vscode\extensions\redhat.java-1.50.0-win32-x64\jre\21.0.9-win32-x86_64\bin\zip.dll
Event: 0.483 Loaded shared library C:\Users\Chirag760008\.vscode\extensions\redhat.java-1.50.0-win32-x64\jre\21.0.9-win32-x86_64\bin\instrument.dll
Event: 0.562 Loaded shared library C:\Users\Chirag760008\.vscode\extensions\redhat.java-1.50.0-win32-x64\jre\21.0.9-win32-x86_64\bin\net.dll
Event: 0.598 Loaded shared library C:\Users\Chirag760008\.vscode\extensions\redhat.java-1.50.0-win32-x64\jre\21.0.9-win32-x86_64\bin\nio.dll
Event: 0.618 Loaded shared library C:\Users\Chirag760008\.vscode\extensions\redhat.java-1.50.0-win32-x64\jre\21.0.9-win32-x86_64\bin\zip.dll
Event: 0.651 Loaded shared library C:\Users\Chirag760008\.vscode\extensions\redhat.java-1.50.0-win32-x64\jre\21.0.9-win32-x86_64\bin\jimage.dll
Event: 0.823 Loaded shared library c:\Users\Chirag760008\.vscode\extensions\redhat.java-1.50.0-win32-x64\jre\21.0.9-win32-x86_64\bin\verify.dll
Event: 3.116 Loaded shared library C:\Users\Chirag760008\AppData\Roaming\Code\User\globalStorage\redhat.java\1.50.0\config_win\org.eclipse.equinox.launcher\org.eclipse.equinox.launcher.win32.win32.x86_64_1.2.1400.v20250801-0854\eclipse_11916.dll
Event: 6.190 Loaded shared library C:\Users\Chirag760008\AppData\Local\Temp\jna--1092772485\jna3458333034053414943.dll

Deoptimization events (20 events):
Event: 31.291 Thread 0x0000025c5af90e20 DEOPT PACKING pc=0x0000025c00800e7d sp=0x000000bd992f89e0
Event: 31.291 Thread 0x0000025c5af90e20 DEOPT UNPACKING pc=0x0000025c075878e2 sp=0x000000bd992f7e90 mode 0
Event: 31.308 Thread 0x0000025c5af8d9a0 Uncommon trap: trap_request=0xffffff76 fr.pc=0x0000025c081e9b10 relative=0x00000000000003b0
Event: 31.308 Thread 0x0000025c5af8d9a0 Uncommon trap: reason=predicate action=maybe_recompile pc=0x0000025c081e9b10 method=java.util.concurrent.ConcurrentHashMap$TreeNode.findTreeNode(ILjava/lang/Object;Ljava/lang/Class;)Ljava/util/concurrent/ConcurrentHashMap$TreeNode; @ 7 c2
Event: 31.308 Thread 0x0000025c5af8d9a0 DEOPT PACKING pc=0x0000025c081e9b10 sp=0x000000bd994fdf40
Event: 31.308 Thread 0x0000025c5af8d9a0 DEOPT UNPACKING pc=0x0000025c07586da2 sp=0x000000bd994fded0 mode 2
Event: 31.314 Thread 0x0000025c5af90e20 DEOPT PACKING pc=0x0000025c0080b8b3 sp=0x000000bd992f8bc0
Event: 31.314 Thread 0x0000025c5af90e20 DEOPT UNPACKING pc=0x0000025c075878e2 sp=0x000000bd992f80f0 mode 0
Event: 31.342 Thread 0x0000025c5af90e20 DEOPT PACKING pc=0x0000025c012bc7b9 sp=0x000000bd992f8670
Event: 31.342 Thread 0x0000025c5af90e20 DEOPT UNPACKING pc=0x0000025c075878e2 sp=0x000000bd992f7d80 mode 0
Event: 31.377 Thread 0x0000025c5af90e20 DEOPT PACKING pc=0x0000025c012bc7b9 sp=0x000000bd992f8670
Event: 31.377 Thread 0x0000025c5af90e20 DEOPT UNPACKING pc=0x0000025c075878e2 sp=0x000000bd992f7d80 mode 0
Event: 31.531 Thread 0x0000025c5af90e20 Uncommon trap: trap_request=0xffffffde fr.pc=0x0000025c07ee5798 relative=0x0000000000000078
Event: 31.531 Thread 0x0000025c5af90e20 Uncommon trap: reason=class_check action=maybe_recompile pc=0x0000025c07ee5798 method=java.util.LinkedHashMap.afterNodeInsertion(Z)V @ 15 c2
Event: 31.531 Thread 0x0000025c5af90e20 DEOPT PACKING pc=0x0000025c07ee5798 sp=0x000000bd992fefa0
Event: 31.531 Thread 0x0000025c5af90e20 DEOPT UNPACKING pc=0x0000025c07586da2 sp=0x000000bd992fef18 mode 2
Event: 31.731 Thread 0x0000025c7f78b0e0 Uncommon trap: trap_request=0xffffffde fr.pc=0x0000025c07e20bbc relative=0x000000000000017c
Event: 31.731 Thread 0x0000025c7f78b0e0 Uncommon trap: reason=class_check action=maybe_recompile pc=0x0000025c07e20bbc method=java.util.ArrayList.hashCodeRange(II)I @ 53 c2
Event: 31.731 Thread 0x0000025c7f78b0e0 DEOPT PACKING pc=0x0000025c07e20bbc sp=0x000000bd97cfd630
Event: 31.731 Thread 0x0000025c7f78b0e0 DEOPT UNPACKING pc=0x0000025c07586da2 sp=0x000000bd97cfd5b8 mode 2

Classes loaded (20 events):
Event: 26.945 Loading class com/sun/crypto/provider/PKCS5Padding
Event: 26.945 Loading class com/sun/crypto/provider/Padding
Event: 26.946 Loading class com/sun/crypto/provider/Padding done
Event: 26.946 Loading class com/sun/crypto/provider/PKCS5Padding done
Event: 26.947 Loading class com/sun/crypto/provider/CipherBlockChaining
Event: 26.947 Loading class com/sun/crypto/provider/CipherBlockChaining done
Event: 26.954 Loading class javax/crypto/NullCipher
Event: 26.954 Loading class javax/crypto/NullCipher done
Event: 27.008 Loading class sun/security/util/ArrayUtil
Event: 27.008 Loading class sun/security/util/ArrayUtil done
Event: 27.270 Loading class java/util/zip/CheckedInputStream
Event: 27.270 Loading class java/util/zip/CheckedInputStream done
Event: 28.542 Loading class java/util/zip/GZIPInputStream$1
Event: 28.542 Loading class java/util/zip/GZIPInputStream$1 done
Event: 30.225 Loading class jdk/internal/ref/CleanerImpl$InnocuousThreadFactory
Event: 30.225 Loading class jdk/internal/ref/CleanerImpl$InnocuousThreadFactory done
Event: 30.557 Loading class java/util/concurrent/ConcurrentHashMap$TreeNode
Event: 30.558 Loading class java/util/concurrent/ConcurrentHashMap$TreeNode done
Event: 30.558 Loading class java/util/concurrent/ConcurrentHashMap$TreeBin
Event: 30.558 Loading class java/util/concurrent/ConcurrentHashMap$TreeBin done

Classes unloaded (7 events):
Event: 6.997 Thread 0x0000025c7cb7de50 Unloading class 0x0000025c141aac00 'java/lang/invoke/LambdaForm$MH+0x0000025c141aac00'
Event: 6.997 Thread 0x0000025c7cb7de50 Unloading class 0x0000025c141aa800 'java/lang/invoke/LambdaForm$MH+0x0000025c141aa800'
Event: 6.997 Thread 0x0000025c7cb7de50 Unloading class 0x0000025c141aa400 'java/lang/invoke/LambdaForm$MH+0x0000025c141aa400'
Event: 6.997 Thread 0x0000025c7cb7de50 Unloading class 0x0000025c141aa000 'java/lang/invoke/LambdaForm$MH+0x0000025c141aa000'
Event: 6.997 Thread 0x0000025c7cb7de50 Unloading class 0x0000025c141a9c00 'java/lang/invoke/LambdaForm$BMH+0x0000025c141a9c00'
Event: 6.997 Thread 0x0000025c7cb7de50 Unloading class 0x0000025c141a9800 'java/lang/invoke/LambdaForm$DMH+0x0000025c141a9800'
Event: 6.997 Thread 0x0000025c7cb7de50 Unloading class 0x0000025c141a8400 'java/lang/invoke/LambdaForm$DMH+0x0000025c141a8400'

Classes redefined (0 events):
No events

Internal exceptions (20 events):
Event: 30.509 Thread 0x0000025c5af90e20 Exception <a 'java/lang/NullPointerException'{0x00000000d55fe6a8}> (0x00000000d55fe6a8) 
thrown [s\src\hotspot\share\runtime\sharedRuntime.cpp, line 625]
Event: 30.509 Thread 0x0000025c5af90e20 Implicit null exception at 0x0000025c011c4f1b to 0x0000025c011c54d5
Event: 30.509 Thread 0x0000025c5af90e20 Exception <a 'java/lang/NullPointerException'{0x00000000d5600418}> (0x00000000d5600418) 
thrown [s\src\hotspot\share\runtime\sharedRuntime.cpp, line 625]
Event: 30.509 Thread 0x0000025c5af90e20 Implicit null exception at 0x0000025c011c4f1b to 0x0000025c011c54d5
Event: 30.509 Thread 0x0000025c5af90e20 Exception <a 'java/lang/NullPointerException'{0x00000000d5600e30}> (0x00000000d5600e30) 
thrown [s\src\hotspot\share\runtime\sharedRuntime.cpp, line 625]
Event: 30.509 Thread 0x0000025c5af90e20 Implicit null exception at 0x0000025c011c4f1b to 0x0000025c011c54d5
Event: 30.509 Thread 0x0000025c5af90e20 Exception <a 'java/lang/NullPointerException'{0x00000000d5617d20}> (0x00000000d5617d20) 
thrown [s\src\hotspot\share\runtime\sharedRuntime.cpp, line 625]
Event: 30.509 Thread 0x0000025c5af90e20 Implicit null exception at 0x0000025c011c4f1b to 0x0000025c011c54d5
Event: 30.509 Thread 0x0000025c5af90e20 Exception <a 'java/lang/NullPointerException'{0x00000000d5618738}> (0x00000000d5618738) 
thrown [s\src\hotspot\share\runtime\sharedRuntime.cpp, line 625]
Event: 30.509 Thread 0x0000025c5af90e20 Implicit null exception at 0x0000025c011c4f1b to 0x0000025c011c54d5
Event: 30.509 Thread 0x0000025c5af90e20 Exception <a 'java/lang/NullPointerException'{0x00000000d561a0d8}> (0x00000000d561a0d8) 
thrown [s\src\hotspot\share\runtime\sharedRuntime.cpp, line 625]
Event: 30.509 Thread 0x0000025c5af90e20 Implicit null exception at 0x0000025c011c4f1b to 0x0000025c011c54d5
Event: 30.509 Thread 0x0000025c5af90e20 Exception <a 'java/lang/NullPointerException'{0x00000000d561aaf0}> (0x00000000d561aaf0) 
thrown [s\src\hotspot\share\runtime\sharedRuntime.cpp, line 625]
Event: 30.510 Thread 0x0000025c5af90e20 Implicit null exception at 0x0000025c011c4f1b to 0x0000025c011c54d5
Event: 30.510 Thread 0x0000025c5af90e20 Exception <a 'java/lang/NullPointerException'{0x00000000d561c490}> (0x00000000d561c490) 
thrown [s\src\hotspot\share\runtime\sharedRuntime.cpp, line 625]
Event: 30.510 Thread 0x0000025c5af90e20 Implicit null exception at 0x0000025c011c4f1b to 0x0000025c011c54d5
Event: 30.510 Thread 0x0000025c5af90e20 Exception <a 'java/lang/NullPointerException'{0x00000000d561cea8}> (0x00000000d561cea8) 
thrown [s\src\hotspot\share\runtime\sharedRuntime.cpp, line 625]
Event: 30.561 Thread 0x0000025c5af8f3e0 Implicit null exception at 0x0000025c07f4906e to 0x0000025c07f49860
Event: 30.900 Thread 0x0000025c7f78b0e0 Exception <a 'java/lang/NoSuchMethodError'{0x00000000d562ace0}: 'void java.lang.invoke.DirectMethodHandle$Holder.invokeStatic(java.lang.Object, java.lang.Object, java.lang.Object, int)'> (0x00000000d562ace0) 
thrown [s\src\hotspot\share\interpreter\linkResolver.cpp, line 773]
Event: 31.600 Thread 0x0000025c7f78b0e0 Exception <a 'java/lang/NoSuchMethodError'{0x00000000d55c5888}: 'void java.lang.invoke.DirectMethodHandle$Holder.invokeVirtual(java.lang.Object, java.lang.Object, int)'> (0x00000000d55c5888) 
thrown [s\src\hotspot\share\interpreter\linkResolver.cpp, line 773]

ZGC Phase Switch (0 events):
No events

VM Operations (20 events):
Event: 31.191 Executing VM operation: ParallelGCFailedAllocation (Allocation Failure)
Event: 31.204 Executing VM operation: ParallelGCFailedAllocation (Allocation Failure) done
Event: 31.256 Executing VM operation: ParallelGCFailedAllocation (Allocation Failure)
Event: 31.262 Executing VM operation: ParallelGCFailedAllocation (Allocation Failure) done
Event: 31.293 Executing VM operation: ParallelGCFailedAllocation (Allocation Failure)
Event: 31.296 Executing VM operation: ParallelGCFailedAllocation (Allocation Failure) done
Event: 31.315 Executing VM operation: ParallelGCFailedAllocation (Allocation Failure)
Event: 31.318 Executing VM operation: ParallelGCFailedAllocation (Allocation Failure) done
Event: 31.327 Executing VM operation: ParallelGCFailedAllocation (Allocation Failure)
Event: 31.335 Executing VM operation: ParallelGCFailedAllocation (Allocation Failure) done
Event: 31.363 Executing VM operation: ParallelGCFailedAllocation (Allocation Failure)
Event: 31.368 Executing VM operation: ParallelGCFailedAllocation (Allocation Failure) done
Event: 31.390 Executing VM operation: ParallelGCFailedAllocation (Allocation Failure)
Event: 31.395 Executing VM operation: ParallelGCFailedAllocation (Allocation Failure) done
Event: 31.450 Executing VM operation: ParallelGCFailedAllocation (Allocation Failure)
Event: 31.494 Executing VM operation: ParallelGCFailedAllocation (Allocation Failure) done
Event: 31.506 Executing VM operation: ParallelGCFailedAllocation (Allocation Failure)
Event: 31.515 Executing VM operation: ParallelGCFailedAllocation (Allocation Failure) done
Event: 31.548 Executing VM operation: ParallelGCFailedAllocation (Allocation Failure)
Event: 31.592 Executing VM operation: ParallelGCFailedAllocation (Allocation Failure) done

Memory protections (0 events):
No events

Nmethod flushes (20 events):
Event: 26.126 Thread 0x0000025c7cb7de50 flushing  nmethod 0x0000025c0088b010
Event: 26.126 Thread 0x0000025c7cb7de50 flushing  nmethod 0x0000025c0088b610
Event: 26.126 Thread 0x0000025c7cb7de50 flushing  nmethod 0x0000025c0088f390
Event: 26.126 Thread 0x0000025c7cb7de50 flushing  nmethod 0x0000025c0088fa90
Event: 26.126 Thread 0x0000025c7cb7de50 flushing  nmethod 0x0000025c00892590
Event: 26.126 Thread 0x0000025c7cb7de50 flushing  nmethod 0x0000025c0089e090
Event: 26.126 Thread 0x0000025c7cb7de50 flushing  nmethod 0x0000025c008a4a90
Event: 26.126 Thread 0x0000025c7cb7de50 flushing  nmethod 0x0000025c008bcd10
Event: 26.126 Thread 0x0000025c7cb7de50 flushing  nmethod 0x0000025c008c4c10
Event: 26.126 Thread 0x0000025c7cb7de50 flushing  nmethod 0x0000025c008e9f10
Event: 26.126 Thread 0x0000025c7cb7de50 flushing  nmethod 0x0000025c008f1e90
Event: 26.126 Thread 0x0000025c7cb7de50 flushing  nmethod 0x0000025c0090a090
Event: 26.126 Thread 0x0000025c7cb7de50 flushing  nmethod 0x0000025c00914f10
Event: 26.126 Thread 0x0000025c7cb7de50 flushing  nmethod 0x0000025c00916a10
Event: 26.126 Thread 0x0000025c7cb7de50 flushing  nmethod 0x0000025c0091b690
Event: 26.126 Thread 0x0000025c7cb7de50 flushing  nmethod 0x0000025c00922790
Event: 26.126 Thread 0x0000025c7cb7de50 flushing  nmethod 0x0000025c00924010
Event: 26.126 Thread 0x0000025c7cb7de50 flushing  nmethod 0x0000025c00924790
Event: 26.126 Thread 0x0000025c7cb7de50 flushing  nmethod 0x0000025c00924b10
Event: 26.126 Thread 0x0000025c7cb7de50 flushing  nmethod 0x0000025c00925090

Events (20 events):
Event: 18.276 Thread 0x0000025c7e416f20 Thread added: 0x0000025c5b88f260
Event: 18.747 Thread 0x0000025c5b88f260 Thread exited: 0x0000025c5b88f260
Event: 19.657 Thread 0x0000025c591936f0 Thread exited: 0x0000025c591936f0
Event: 19.820 Thread 0x0000025c7e418f40 Thread added: 0x0000025c5b6ce820
Event: 19.999 Thread 0x0000025c7e418f40 Thread added: 0x0000025c7f71f3e0
Event: 20.401 Thread 0x0000025c7f71f3e0 Thread exited: 0x0000025c7f71f3e0
Event: 20.750 Thread 0x0000025c5b6ce820 Thread exited: 0x0000025c5b6ce820
Event: 20.795 Thread 0x0000025c7e418f40 Thread added: 0x0000025c5b6ce820
Event: 21.256 Thread 0x0000025c5b6ce820 Thread exited: 0x0000025c5b6ce820
Event: 21.617 Thread 0x0000025c7e418f40 Thread added: 0x0000025c7f71f3e0
Event: 22.139 Thread 0x0000025c7f71f3e0 Thread exited: 0x0000025c7f71f3e0
Event: 23.276 Thread 0x0000025c7e418f40 Thread added: 0x0000025c58e6f020
Event: 23.785 Thread 0x0000025c58e6f020 Thread exited: 0x0000025c58e6f020
Event: 24.123 Thread 0x0000025c7e418f40 Thread added: 0x0000025c58e6f020
Event: 24.537 Thread 0x0000025c58e6f020 Thread exited: 0x0000025c58e6f020
Event: 24.865 Thread 0x0000025c7e418f40 Thread added: 0x0000025c58e6f020
Event: 24.873 Thread 0x0000025c7e418f40 Thread added: 0x0000025c5b639f40
Event: 26.471 Thread 0x0000025c5af921d0 Thread added: 0x0000025c5a6e19c0
Event: 30.227 Thread 0x0000025c5af90e20 Thread added: 0x0000025c5a6e0ca0
Event: 31.604 Thread 0x0000025c5a6e19c0 Thread exited: 0x0000025c5a6e19c0


Dynamic libraries:
0x00007ff618640000 - 0x00007ff61864e000 	c:\Users\Chirag760008\.vscode\extensions\redhat.java-1.50.0-win32-x64\jre\21.0.9-win32-x86_64\bin\java.exe
0x00007ffdafc50000 - 0x00007ffdafe67000 	C:\WINDOWS\SYSTEM32\ntdll.dll
0x00007ffdaf720000 - 0x00007ffdaf7e4000 	C:\WINDOWS\System32\KERNEL32.DLL
0x00007ffdad500000 - 0x00007ffdad8d2000 	C:\WINDOWS\System32\KERNELBASE.dll
0x00007ffdacff0000 - 0x00007ffdad101000 	C:\WINDOWS\System32\ucrtbase.dll
0x00007ffd7ef00000 - 0x00007ffd7ef1e000 	c:\Users\Chirag760008\.vscode\extensions\redhat.java-1.50.0-win32-x64\jre\21.0.9-win32-x86_64\bin\VCRUNTIME140.dll
0x00007ffd8d430000 - 0x00007ffd8d448000 	c:\Users\Chirag760008\.vscode\extensions\redhat.java-1.50.0-win32-x64\jre\21.0.9-win32-x86_64\bin\jli.dll
0x00007ffdadc80000 - 0x00007ffdade31000 	C:\WINDOWS\System32\USER32.dll
0x00007ffdad320000 - 0x00007ffdad346000 	C:\WINDOWS\System32\win32u.dll
0x00007ffdafa10000 - 0x00007ffdafa39000 	C:\WINDOWS\System32\GDI32.dll
0x00007ffdad350000 - 0x00007ffdad473000 	C:\WINDOWS\System32\gdi32full.dll
0x00007ffdad1d0000 - 0x00007ffdad26a000 	C:\WINDOWS\System32\msvcp_win.dll
0x00007ffd96270000 - 0x00007ffd9650b000 	C:\WINDOWS\WinSxS\amd64_microsoft.windows.common-controls_6595b64144ccf1df_6.0.22621.5547_none_27104afb73855772\COMCTL32.dll
0x00007ffdadbd0000 - 0x00007ffdadc77000 	C:\WINDOWS\System32\msvcrt.dll
0x00007ffdaf7f0000 - 0x00007ffdaf821000 	C:\WINDOWS\System32\IMM32.DLL
0x00007ffda3c40000 - 0x00007ffda3d9e000 	C:\WINDOWS\system32\tmumh\20019\AddOn\8.55.0.1409\TmUmEvt64.dll
0x00007ffdae740000 - 0x00007ffdae748000 	C:\WINDOWS\System32\PSAPI.DLL
0x00007ffdae070000 - 0x00007ffdae121000 	C:\WINDOWS\System32\ADVAPI32.dll
0x00007ffdae970000 - 0x00007ffdaea18000 	C:\WINDOWS\System32\sechost.dll
0x00007ffdad270000 - 0x00007ffdad298000 	C:\WINDOWS\System32\bcrypt.dll
0x00007ffdad8e0000 - 0x00007ffdad9f4000 	C:\WINDOWS\System32\RPCRT4.dll
0x000000006c160000 - 0x000000006c285000 	C:\WINDOWS\system32\tmumh\20019\TmMon\2.9.0.1217\tmmon64.dll
0x00007ffd72690000 - 0x00007ffd729ca000 	C:\WINDOWS\System32\TmLWE\TmUmSnsr64\1.0.0.1154\TmUmSnsr64.dll
0x00007ffdabd40000 - 0x00007ffdabd58000 	C:\WINDOWS\SYSTEM32\kernel.appcore.dll
0x00007ffda9980000 - 0x00007ffda998c000 	c:\Users\Chirag760008\.vscode\extensions\redhat.java-1.50.0-win32-x64\jre\21.0.9-win32-x86_64\bin\vcruntime140_1.dll
0x00007ffd5c0c0000 - 0x00007ffd5c14d000 	c:\Users\Chirag760008\.vscode\extensions\redhat.java-1.50.0-win32-x64\jre\21.0.9-win32-x86_64\bin\msvcp140.dll
0x00007ffce67c0000 - 0x00007ffce7560000 	c:\Users\Chirag760008\.vscode\extensions\redhat.java-1.50.0-win32-x64\jre\21.0.9-win32-x86_64\bin\server\jvm.dll
0x00007ffdae130000 - 0x00007ffdae1a1000 	C:\WINDOWS\System32\WS2_32.dll
0x00007ffdabaa0000 - 0x00007ffdabaed000 	C:\WINDOWS\SYSTEM32\POWRPROF.dll
0x00007ffda7e70000 - 0x00007ffda7ea4000 	C:\WINDOWS\SYSTEM32\WINMM.dll
0x00007ffda5f40000 - 0x00007ffda5f4a000 	C:\WINDOWS\SYSTEM32\VERSION.dll
0x00007ffdaba80000 - 0x00007ffdaba93000 	C:\WINDOWS\SYSTEM32\UMPDC.dll
0x00007ffda7ff0000 - 0x00007ffda7ffa000 	c:\Users\Chirag760008\.vscode\extensions\redhat.java-1.50.0-win32-x64\jre\21.0.9-win32-x86_64\bin\jimage.dll
0x00007ffd9b2d0000 - 0x00007ffd9b503000 	C:\WINDOWS\SYSTEM32\DBGHELP.DLL
0x00007ffdaea20000 - 0x00007ffdaedb3000 	C:\WINDOWS\System32\combase.dll
0x00007ffdafa60000 - 0x00007ffdafb37000 	C:\WINDOWS\System32\OLEAUT32.dll
0x00007ffd9aeb0000 - 0x00007ffd9aee2000 	C:\WINDOWS\SYSTEM32\dbgcore.DLL
0x0000025c780e0000 - 0x0000025c7815b000 	C:\WINDOWS\System32\bcryptPrimitives.dll
0x00007ffda7f40000 - 0x00007ffda7f4f000 	c:\Users\Chirag760008\.vscode\extensions\redhat.java-1.50.0-win32-x64\jre\21.0.9-win32-x86_64\bin\instrument.dll
0x00007ffd7c860000 - 0x00007ffd7c880000 	c:\Users\Chirag760008\.vscode\extensions\redhat.java-1.50.0-win32-x64\jre\21.0.9-win32-x86_64\bin\java.dll
0x00007ffdaee70000 - 0x00007ffdaf712000 	C:\WINDOWS\System32\SHELL32.dll
0x00007ffdaceb0000 - 0x00007ffdacfef000 	C:\WINDOWS\System32\wintypes.dll
0x00007ffdaa970000 - 0x00007ffdab28d000 	C:\WINDOWS\SYSTEM32\windows.storage.dll
0x00007ffdadec0000 - 0x00007ffdadfcc000 	C:\WINDOWS\System32\SHCORE.dll
0x00007ffdae900000 - 0x00007ffdae969000 	C:\WINDOWS\System32\shlwapi.dll
0x00007ffdacc70000 - 0x00007ffdacc9b000 	C:\WINDOWS\SYSTEM32\profapi.dll
0x00007ffd794e0000 - 0x00007ffd794f8000 	c:\Users\Chirag760008\.vscode\extensions\redhat.java-1.50.0-win32-x64\jre\21.0.9-win32-x86_64\bin\zip.dll
0x00007ffd95370000 - 0x00007ffd95380000 	C:\Users\Chirag760008\.vscode\extensions\redhat.java-1.50.0-win32-x64\jre\21.0.9-win32-x86_64\bin\net.dll
0x00007ffdabd60000 - 0x00007ffdabe8c000 	C:\WINDOWS\SYSTEM32\WINHTTP.dll
0x00007ffdac2e0000 - 0x00007ffdac349000 	C:\WINDOWS\system32\mswsock.dll
0x00007ffd78e00000 - 0x00007ffd78e16000 	C:\Users\Chirag760008\.vscode\extensions\redhat.java-1.50.0-win32-x64\jre\21.0.9-win32-x86_64\bin\nio.dll
0x00007ffd95110000 - 0x00007ffd95120000 	c:\Users\Chirag760008\.vscode\extensions\redhat.java-1.50.0-win32-x64\jre\21.0.9-win32-x86_64\bin\verify.dll
0x00007ffd63bf0000 - 0x00007ffd63c34000 	C:\Users\Chirag760008\AppData\Roaming\Code\User\globalStorage\redhat.java\1.50.0\config_win\org.eclipse.equinox.launcher\org.eclipse.equinox.launcher.win32.win32.x86_64_1.2.1400.v20250801-0854\eclipse_11916.dll
0x00007ffdae750000 - 0x00007ffdae8f0000 	C:\WINDOWS\System32\ole32.dll
0x00007ffdac580000 - 0x00007ffdac59b000 	C:\WINDOWS\SYSTEM32\CRYPTSP.dll
0x00007ffdabca0000 - 0x00007ffdabcd7000 	C:\WINDOWS\system32\rsaenh.dll
0x00007ffdac380000 - 0x00007ffdac3a8000 	C:\WINDOWS\SYSTEM32\USERENV.dll
0x00007ffdac560000 - 0x00007ffdac56c000 	C:\WINDOWS\SYSTEM32\CRYPTBASE.dll
0x00007ffdab4e0000 - 0x00007ffdab50d000 	C:\WINDOWS\SYSTEM32\IPHLPAPI.DLL
0x00007ffdaf830000 - 0x00007ffdaf839000 	C:\WINDOWS\System32\NSI.dll
0x00007ffd4ed90000 - 0x00007ffd4edd9000 	C:\Users\Chirag760008\AppData\Local\Temp\jna--1092772485\jna3458333034053414943.dll
0x00007ffda90c0000 - 0x00007ffda90d9000 	C:\WINDOWS\SYSTEM32\dhcpcsvc6.DLL
0x00007ffda90a0000 - 0x00007ffda90bf000 	C:\WINDOWS\SYSTEM32\dhcpcsvc.DLL

JVMTI agents:
c:\Users\Chirag760008\.vscode\extensions\redhat.java-1.50.0-win32-x64\lombok\lombok-1.18.39-4050.jar path:c:\Users\Chirag760008\.vscode\extensions\redhat.java-1.50.0-win32-x64\jre\21.0.9-win32-x86_64\bin\instrument.dll, loaded, initialized, instrumentlib options:none

dbghelp: loaded successfully - version: 4.0.5 - missing functions: none
symbol engine: initialized successfully - sym options: 0x614 - pdb path: .;c:\Users\Chirag760008\.vscode\extensions\redhat.java-1.50.0-win32-x64\jre\21.0.9-win32-x86_64\bin;C:\WINDOWS\SYSTEM32;C:\WINDOWS\WinSxS\amd64_microsoft.windows.common-controls_6595b64144ccf1df_6.0.22621.5547_none_27104afb73855772;C:\WINDOWS\system32\tmumh\20019\AddOn\8.55.0.1409;C:\WINDOWS\system32\tmumh\20019\TmMon\2.9.0.1217;C:\WINDOWS\System32\TmLWE\TmUmSnsr64\1.0.0.1154;c:\Users\Chirag760008\.vscode\extensions\redhat.java-1.50.0-win32-x64\jre\21.0.9-win32-x86_64\bin\server;C:\Users\Chirag760008\AppData\Roaming\Code\User\globalStorage\redhat.java\1.50.0\config_win\org.eclipse.equinox.launcher\org.eclipse.equinox.launcher.win32.win32.x86_64_1.2.1400.v20250801-0854;C:\Users\Chirag760008\AppData\Local\Temp\jna--1092772485

VM Arguments:
jvm_args: --add-modules=ALL-SYSTEM --add-opens=java.base/java.util=ALL-UNNAMED --add-opens=java.base/java.lang=ALL-UNNAMED --add-opens=java.base/sun.nio.fs=ALL-UNNAMED -Declipse.application=org.eclipse.jdt.ls.core.id1 -Dosgi.bundles.defaultStartLevel=4 -Declipse.product=org.eclipse.jdt.ls.core.product -Djava.import.generatesMetadataFilesAtProjectRoot=false -DDetectVMInstallationsJob.disabled=true -Dfile.encoding=utf8 -XX:+UseParallelGC -XX:GCTimeRatio=4 -XX:AdaptiveSizePolicyWeight=90 -Dsun.zip.disableMemoryMapping=true -Xmx2G -Xms100m -Xlog:disable -javaagent:c:\Users\Chirag760008\.vscode\extensions\redhat.java-1.50.0-win32-x64\lombok\lombok-1.18.39-4050.jar -XX:+HeapDumpOnOutOfMemoryError -XX:HeapDumpPath=c:\Users\Chirag760008\AppData\Roaming\Code\User\workspaceStorage\2afbc182b3c0678d662464267eb8ee78\redhat.java -Daether.dependencyCollector.impl=bf 
java_command: c:\Users\Chirag760008\.vscode\extensions\redhat.java-1.50.0-win32-x64\server\plugins\org.eclipse.equinox.launcher_1.7.100.v20251111-0406.jar -configuration c:\Users\Chirag760008\AppData\Roaming\Code\User\globalStorage\redhat.java\1.50.0\config_win -data c:\Users\Chirag760008\AppData\Roaming\Code\User\workspaceStorage\2afbc182b3c0678d662464267eb8ee78\redhat.java\jdt_ws --pipe=\\.\pipe\lsp-223effd4a78fe67a0ab14860e92f85f6-sock
java_class_path (initial): c:\Users\Chirag760008\.vscode\extensions\redhat.java-1.50.0-win32-x64\server\plugins\org.eclipse.equinox.launcher_1.7.100.v20251111-0406.jar
Launcher Type: SUN_STANDARD

[Global flags]
    uintx AdaptiveSizePolicyWeight                 = 90                                        {product} {command line}
     intx CICompilerCount                          = 4                                         {product} {ergonomic}
    uintx GCTimeRatio                              = 4                                         {product} {command line}
     bool HeapDumpOnOutOfMemoryError               = true                                   {manageable} {command line}
    ccstr HeapDumpPath                             = c:\Users\Chirag760008\AppData\Roaming\Code\User\workspaceStorage\2afbc182b3c0678d662464267eb8ee78\redhat.java         {manageable} {command line}
   size_t InitialHeapSize                          = 104857600                                 {product} {command line}
   size_t MaxHeapSize                              = 2147483648                                {product} {command line}
   size_t MaxNewSize                               = 715653120                                 {product} {ergonomic}
   size_t MinHeapDeltaBytes                        = 524288                                    {product} {ergonomic}
   size_t MinHeapSize                              = 104857600                                 {product} {command line}
   size_t NewSize                                  = 34603008                                  {product} {ergonomic}
    uintx NonNMethodCodeHeapSize                   = 5839372                                {pd product} {ergonomic}
    uintx NonProfiledCodeHeapSize                  = 122909434                              {pd product} {ergonomic}
   size_t OldSize                                  = 70254592                                  {product} {ergonomic}
    uintx ProfiledCodeHeapSize                     = 122909434                              {pd product} {ergonomic}
    uintx ReservedCodeCacheSize                    = 251658240                              {pd product} {ergonomic}
     bool SegmentedCodeCache                       = true                                      {product} {ergonomic}
   size_t SoftMaxHeapSize                          = 2147483648                             {manageable} {ergonomic}
     bool UseCompressedOops                        = true                           {product lp64_product} {ergonomic}
     bool UseLargePagesIndividualAllocation        = false                                  {pd product} {ergonomic}
     bool UseParallelGC                            = true                                      {product} {command line}

Logging:
Log output configuration:
 #0: stdout all=off uptime,level,tags foldmultilines=false
 #1: stderr all=off uptime,level,tags foldmultilines=false

Release file:
JAVA_VERSION="21.0.9" 
MODULES="java.base java.compiler java.datatransfer java.xml java.prefs java.desktop java.instrument java.logging java.management java.security.sasl java.naming java.rmi java.management.rmi java.net.http java.scripting java.security.jgss java.transaction.xa java.sql java.sql.rowset java.xml.crypto java.se java.smartcardio jdk.accessibility jdk.internal.jvmstat jdk.attach jdk.charsets jdk.internal.opt jdk.zipfs jdk.compiler jdk.crypto.ec jdk.crypto.cryptoki jdk.crypto.mscapi jdk.dynalink jdk.internal.ed jdk.editpad jdk.hotspot.agent jdk.httpserver jdk.internal.le jdk.internal.vm.ci jdk.internal.vm.compiler jdk.internal.vm.compiler.management jdk.jartool jdk.javadoc jdk.jcmd jdk.management jdk.management.agent jdk.jconsole jdk.jdeps jdk.jdwp.agent jdk.jdi jdk.jfr jdk.jshell jdk.jsobject jdk.jstatd jdk.localedata jdk.management.jfr jdk.naming.dns jdk.naming.rmi jdk.net jdk.nio.mapmode jdk.random jdk.sctp jdk.security.auth jdk.security.jgss jdk.unsupported jdk.unsupported.desktop jdk.xml.dom" 

Environment Variables:
JAVA_HOME=C:\java\jdk-21.0.2
PATH=D:\orcl_db\xe21\dbhomeXE\bin;C:\app\Chirag760008\product\23ai\dbhomeFree\bin;C:\WINDOWS\system32;C:\WINDOWS;C:\WINDOWS\System32\Wbem;C:\WINDOWS\System32\WindowsPowerShell\v1.0\;C:\WINDOWS\System32\OpenSSH\;C:\java\jdk-21.0.2\bin;C:\maven\apache-maven-3.9.8-bin\apache-maven-3.9.8\bin;C:\Program Files (x86)\Pulse Secure\VC142.CRT\X64\;C:\Program Files (x86)\Pulse Secure\VC142.CRT\X86\;C:\Program Files (x86)\Common Files\Pulse Secure\TNC Client Plugin\;C:\Program Files (x86)\Common Files\Pulse Secure\VC142.CRT\X64\;C:\Program Files (x86)\Common Files\Pulse Secure\VC142.CRT\X86\;C:\Program Files\nodejs\;C:\Program Files\Go\bin;C:\Program Files\RedHat\Podman\;C:\Users\Chirag760008\AppData\Local\Microsoft\WindowsApps;C:\java\jdk-21.0.2\bin;C:\Users\Chirag760008\AppData\Roaming\npm;C:\Users\Chirag760008\AppData\Local\Programs\Microsoft VS Code\bin;C:\maven\apache-maven-3.9.8-bin\apache-maven-3.9.8\bin;C:\Program Files\JetBrains\IntelliJ IDEA Community Edition 2024.3.5\bin;;C:\Users\Chirag760008\go\bin
USERNAME=Chirag760008
OS=Windows_NT
PROCESSOR_IDENTIFIER=Intel64 Family 6 Model 140 Stepping 1, GenuineIntel
TMP=C:\Users\CHIRAG~1\AppData\Local\Temp
TEMP=C:\Users\CHIRAG~1\AppData\Local\Temp




Periodic native trim disabled

---------------  S Y S T E M  ---------------

OS:
 Windows 11 , 64 bit Build 22621 (10.0.22621.5415)
OS uptime: 7 days 20:34 hours
Hyper-V role detected

CPU: total 8 (initial active 8) (4 cores per cpu, 2 threads per core) family 6 model 140 stepping 1 microcode 0x86, cx8, cmov, fxsr, ht, mmx, 3dnowpref, sse, sse2, sse3, ssse3, sse4.1, sse4.2, popcnt, lzcnt, tsc, tscinvbit, avx, avx2, aes, erms, clmul, bmi1, bmi2, adx, avx512f, avx512dq, avx512cd, avx512bw, avx512vl, sha, fma, vzeroupper, avx512_vpopcntdq, avx512_vpclmulqdq, avx512_vaes, avx512_vnni, clflush, clflushopt, clwb, avx512_vbmi2, avx512_vbmi, hv, rdtscp, rdpid, fsrm, gfni, avx512_bitalg, f16c, cet_ibt, cet_ss, avx512_ifma
Processor Information for the first 8 processors :
  Max Mhz: 2419, Current Mhz: 2419, Mhz Limit: 2419

Memory: 4k page, system-wide physical 16082M (1145M free)
TotalPageFile size 34757M (AvailPageFile size 260M)
current process WorkingSet (physical memory assigned to process): 405M, peak: 420M
current process commit charge ("private bytes"): 481M, peak: 492M

vm_info: OpenJDK 64-Bit Server VM (21.0.9+10-LTS) for windows-amd64 JRE (21.0.9+10-LTS), built on 2025-10-21T00:00:00Z by "admin" with unknown MS VC++:1942

END.
